[2024-08-05T13:00:17.106+0000] {local_task_job_runner.py:120} INFO - ::group::Pre task execution logs
[2024-08-05T13:00:17.152+0000] {taskinstance.py:2076} INFO - Dependencies all met for dep_context=non-requeueable deps ti=<TaskInstance: car_price_prediction.pipeline scheduled__2022-07-29T15:00:00+00:00 [queued]>
[2024-08-05T13:00:17.165+0000] {taskinstance.py:2076} INFO - Dependencies all met for dep_context=requeueable deps ti=<TaskInstance: car_price_prediction.pipeline scheduled__2022-07-29T15:00:00+00:00 [queued]>
[2024-08-05T13:00:17.166+0000] {taskinstance.py:2306} INFO - Starting attempt 1 of 2
[2024-08-05T13:00:17.192+0000] {taskinstance.py:2330} INFO - Executing <Task(PythonOperator): pipeline> on 2022-07-29 15:00:00+00:00
[2024-08-05T13:00:17.205+0000] {warnings.py:112} WARNING - /home/***/.local/lib/python3.12/site-packages/***/task/task_runner/standard_task_runner.py:62: DeprecationWarning: This process (pid=858) is multi-threaded, use of fork() may lead to deadlocks in the child.
  pid = os.fork()

[2024-08-05T13:00:17.207+0000] {standard_task_runner.py:64} INFO - Started process 897 to run task
[2024-08-05T13:00:17.207+0000] {standard_task_runner.py:90} INFO - Running: ['***', 'tasks', 'run', 'car_price_prediction', 'pipeline', 'scheduled__2022-07-29T15:00:00+00:00', '--job-id', '133', '--raw', '--subdir', 'DAGS_FOLDER/hw_dag.py', '--cfg-path', '/tmp/tmp58hiycoo']
[2024-08-05T13:00:17.209+0000] {standard_task_runner.py:91} INFO - Job 133: Subtask pipeline
[2024-08-05T13:00:17.299+0000] {task_command.py:426} INFO - Running <TaskInstance: car_price_prediction.pipeline scheduled__2022-07-29T15:00:00+00:00 [running]> on host db70dacab446
[2024-08-05T13:00:17.488+0000] {taskinstance.py:2648} INFO - Exporting env vars: AIRFLOW_CTX_DAG_OWNER='***' AIRFLOW_CTX_DAG_ID='car_price_prediction' AIRFLOW_CTX_TASK_ID='pipeline' AIRFLOW_CTX_EXECUTION_DATE='2022-07-29T15:00:00+00:00' AIRFLOW_CTX_TRY_NUMBER='1' AIRFLOW_CTX_DAG_RUN_ID='scheduled__2022-07-29T15:00:00+00:00'
[2024-08-05T13:00:17.491+0000] {taskinstance.py:430} INFO - ::endgroup::
[2024-08-05T13:00:21.620+0000] {pipeline.py:115} INFO - model: LogisticRegression, acc_mean: 0.7591, acc_std: 0.0075
[2024-08-05T13:01:36.072+0000] {pipeline.py:115} INFO - model: RandomForestClassifier, acc_mean: 0.7777, acc_std: 0.0062
[2024-08-05T13:02:25.173+0000] {pipeline.py:115} INFO - model: SVC, acc_mean: 0.7871, acc_std: 0.0042
[2024-08-05T13:02:25.176+0000] {pipeline.py:120} INFO - best model: SVC, accuracy: 0.7871
[2024-08-05T13:02:54.737+0000] {pipeline.py:128} INFO - Model is saved as /opt/***//data/models/cars_pipe_202408051302.pkl
[2024-08-05T13:02:54.753+0000] {python.py:237} INFO - Done. Returned value was: None
[2024-08-05T13:02:54.755+0000] {taskinstance.py:441} INFO - ::group::Post task execution logs
[2024-08-05T13:02:54.844+0000] {taskinstance.py:1206} INFO - Marking task as SUCCESS. dag_id=car_price_prediction, task_id=pipeline, run_id=scheduled__2022-07-29T15:00:00+00:00, execution_date=20220729T150000, start_date=20240805T130017, end_date=20240805T130254
[2024-08-05T13:02:55.004+0000] {local_task_job_runner.py:243} INFO - Task exited with return code 0
[2024-08-05T13:02:55.081+0000] {taskinstance.py:3503} INFO - 1 downstream tasks scheduled from follow-on schedule check
[2024-08-05T13:02:55.098+0000] {local_task_job_runner.py:222} INFO - ::endgroup::
