[2024-08-05T12:58:44.572+0000] {local_task_job_runner.py:120} INFO - ::group::Pre task execution logs
[2024-08-05T12:58:44.630+0000] {taskinstance.py:2076} INFO - Dependencies all met for dep_context=non-requeueable deps ti=<TaskInstance: car_price_prediction.pipeline scheduled__2022-07-22T15:00:00+00:00 [queued]>
[2024-08-05T12:58:44.691+0000] {taskinstance.py:2076} INFO - Dependencies all met for dep_context=requeueable deps ti=<TaskInstance: car_price_prediction.pipeline scheduled__2022-07-22T15:00:00+00:00 [queued]>
[2024-08-05T12:58:44.700+0000] {taskinstance.py:2306} INFO - Starting attempt 1 of 2
[2024-08-05T12:58:44.809+0000] {taskinstance.py:2330} INFO - Executing <Task(PythonOperator): pipeline> on 2022-07-22 15:00:00+00:00
[2024-08-05T12:58:44.887+0000] {warnings.py:112} WARNING - /home/***/.local/lib/python3.12/site-packages/***/task/task_runner/standard_task_runner.py:62: DeprecationWarning: This process (pid=514) is multi-threaded, use of fork() may lead to deadlocks in the child.
  pid = os.fork()

[2024-08-05T12:58:44.895+0000] {standard_task_runner.py:64} INFO - Started process 593 to run task
[2024-08-05T12:58:44.903+0000] {standard_task_runner.py:90} INFO - Running: ['***', 'tasks', 'run', 'car_price_prediction', 'pipeline', 'scheduled__2022-07-22T15:00:00+00:00', '--job-id', '110', '--raw', '--subdir', 'DAGS_FOLDER/hw_dag.py', '--cfg-path', '/tmp/tmpq9rfznd4']
[2024-08-05T12:58:44.924+0000] {standard_task_runner.py:91} INFO - Job 110: Subtask pipeline
[2024-08-05T12:58:45.334+0000] {task_command.py:426} INFO - Running <TaskInstance: car_price_prediction.pipeline scheduled__2022-07-22T15:00:00+00:00 [running]> on host db70dacab446
[2024-08-05T12:58:46.039+0000] {taskinstance.py:2648} INFO - Exporting env vars: AIRFLOW_CTX_DAG_OWNER='***' AIRFLOW_CTX_DAG_ID='car_price_prediction' AIRFLOW_CTX_TASK_ID='pipeline' AIRFLOW_CTX_EXECUTION_DATE='2022-07-22T15:00:00+00:00' AIRFLOW_CTX_TRY_NUMBER='1' AIRFLOW_CTX_DAG_RUN_ID='scheduled__2022-07-22T15:00:00+00:00'
[2024-08-05T12:58:46.054+0000] {taskinstance.py:430} INFO - ::endgroup::
[2024-08-05T12:58:51.647+0000] {pipeline.py:115} INFO - model: LogisticRegression, acc_mean: 0.7591, acc_std: 0.0075
[2024-08-05T12:59:46.922+0000] {pipeline.py:115} INFO - model: RandomForestClassifier, acc_mean: 0.7777, acc_std: 0.0062
[2024-08-05T13:00:11.346+0000] {pipeline.py:115} INFO - model: SVC, acc_mean: 0.7871, acc_std: 0.0042
[2024-08-05T13:00:11.364+0000] {pipeline.py:120} INFO - best model: SVC, accuracy: 0.7871
[2024-08-05T13:00:21.731+0000] {pipeline.py:128} INFO - Model is saved as /opt/***//data/models/cars_pipe_202408051300.pkl
[2024-08-05T13:00:21.745+0000] {python.py:237} INFO - Done. Returned value was: None
[2024-08-05T13:00:21.749+0000] {taskinstance.py:441} INFO - ::group::Post task execution logs
[2024-08-05T13:00:21.786+0000] {taskinstance.py:1206} INFO - Marking task as SUCCESS. dag_id=car_price_prediction, task_id=pipeline, run_id=scheduled__2022-07-22T15:00:00+00:00, execution_date=20220722T150000, start_date=20240805T125844, end_date=20240805T130021
[2024-08-05T13:00:22.122+0000] {local_task_job_runner.py:243} INFO - Task exited with return code 0
[2024-08-05T13:00:22.171+0000] {taskinstance.py:3503} INFO - 1 downstream tasks scheduled from follow-on schedule check
[2024-08-05T13:00:22.183+0000] {local_task_job_runner.py:222} INFO - ::endgroup::
