[2024-08-05T13:01:12.279+0000] {local_task_job_runner.py:120} INFO - ::group::Pre task execution logs
[2024-08-05T13:01:12.371+0000] {taskinstance.py:2076} INFO - Dependencies all met for dep_context=non-requeueable deps ti=<TaskInstance: car_price_prediction.predict scheduled__2022-07-24T15:00:00+00:00 [queued]>
[2024-08-05T13:01:12.435+0000] {taskinstance.py:2076} INFO - Dependencies all met for dep_context=requeueable deps ti=<TaskInstance: car_price_prediction.predict scheduled__2022-07-24T15:00:00+00:00 [queued]>
[2024-08-05T13:01:12.436+0000] {taskinstance.py:2306} INFO - Starting attempt 1 of 2
[2024-08-05T13:01:12.497+0000] {taskinstance.py:2330} INFO - Executing <Task(PythonOperator): predict> on 2022-07-24 15:00:00+00:00
[2024-08-05T13:01:12.512+0000] {warnings.py:112} WARNING - /home/***/.local/lib/python3.12/site-packages/***/task/task_runner/standard_task_runner.py:62: DeprecationWarning: This process (pid=1099) is multi-threaded, use of fork() may lead to deadlocks in the child.
  pid = os.fork()

[2024-08-05T13:01:12.533+0000] {standard_task_runner.py:64} INFO - Started process 1142 to run task
[2024-08-05T13:01:12.527+0000] {standard_task_runner.py:90} INFO - Running: ['***', 'tasks', 'run', 'car_price_prediction', 'predict', 'scheduled__2022-07-24T15:00:00+00:00', '--job-id', '150', '--raw', '--subdir', 'DAGS_FOLDER/hw_dag.py', '--cfg-path', '/tmp/tmp590_k6p3']
[2024-08-05T13:01:12.543+0000] {standard_task_runner.py:91} INFO - Job 150: Subtask predict
[2024-08-05T13:01:12.693+0000] {task_command.py:426} INFO - Running <TaskInstance: car_price_prediction.predict scheduled__2022-07-24T15:00:00+00:00 [running]> on host db70dacab446
[2024-08-05T13:01:13.108+0000] {taskinstance.py:2648} INFO - Exporting env vars: AIRFLOW_CTX_DAG_OWNER='***' AIRFLOW_CTX_DAG_ID='car_price_prediction' AIRFLOW_CTX_TASK_ID='predict' AIRFLOW_CTX_EXECUTION_DATE='2022-07-24T15:00:00+00:00' AIRFLOW_CTX_TRY_NUMBER='1' AIRFLOW_CTX_DAG_RUN_ID='scheduled__2022-07-24T15:00:00+00:00'
[2024-08-05T13:01:13.110+0000] {taskinstance.py:430} INFO - ::endgroup::
[2024-08-05T13:01:13.220+0000] {taskinstance.py:441} INFO - ::group::Post task execution logs
[2024-08-05T13:01:13.238+0000] {taskinstance.py:2905} ERROR - Task failed with exception
Traceback (most recent call last):
  File "/home/airflow/.local/lib/python3.12/site-packages/airflow/models/taskinstance.py", line 465, in _execute_task
    result = _execute_callable(context=context, **execute_callable_kwargs)
             ^^^^^^^^^^^^^^^^^^^^^^^^^^^^^^^^^^^^^^^^^^^^^^^^^^^^^^^^^^^^^
  File "/home/airflow/.local/lib/python3.12/site-packages/airflow/models/taskinstance.py", line 432, in _execute_callable
    return execute_callable(context=context, **execute_callable_kwargs)
           ^^^^^^^^^^^^^^^^^^^^^^^^^^^^^^^^^^^^^^^^^^^^^^^^^^^^^^^^^^^^
  File "/home/airflow/.local/lib/python3.12/site-packages/airflow/models/baseoperator.py", line 401, in wrapper
    return func(self, *args, **kwargs)
           ^^^^^^^^^^^^^^^^^^^^^^^^^^^
  File "/home/airflow/.local/lib/python3.12/site-packages/airflow/operators/python.py", line 235, in execute
    return_value = self.execute_callable()
                   ^^^^^^^^^^^^^^^^^^^^^^^
  File "/home/airflow/.local/lib/python3.12/site-packages/airflow/operators/python.py", line 252, in execute_callable
    return self.python_callable(*self.op_args, **self.op_kwargs)
           ^^^^^^^^^^^^^^^^^^^^^^^^^^^^^^^^^^^^^^^^^^^^^^^^^^^^^
  File "/opt/airflow/modules/predict.py", line 54, in predict
    with open(path+files) as f:
              ~~~~^~~~~~
TypeError: can only concatenate str (not "list") to str
[2024-08-05T13:01:13.276+0000] {taskinstance.py:1206} INFO - Marking task as UP_FOR_RETRY. dag_id=car_price_prediction, task_id=predict, run_id=scheduled__2022-07-24T15:00:00+00:00, execution_date=20220724T150000, start_date=20240805T130112, end_date=20240805T130113
[2024-08-05T13:01:13.315+0000] {standard_task_runner.py:110} ERROR - Failed to execute job 150 for task predict (can only concatenate str (not "list") to str; 1142)
[2024-08-05T13:01:13.356+0000] {local_task_job_runner.py:243} INFO - Task exited with return code 1
[2024-08-05T13:01:13.381+0000] {local_task_job_runner.py:222} INFO - ::endgroup::
