[2024-08-05T13:05:40.140+0000] {local_task_job_runner.py:120} INFO - ::group::Pre task execution logs
[2024-08-05T13:05:40.201+0000] {taskinstance.py:2076} INFO - Dependencies all met for dep_context=non-requeueable deps ti=<TaskInstance: car_price_prediction.predict scheduled__2022-08-04T15:00:00+00:00 [queued]>
[2024-08-05T13:05:40.220+0000] {taskinstance.py:2076} INFO - Dependencies all met for dep_context=requeueable deps ti=<TaskInstance: car_price_prediction.predict scheduled__2022-08-04T15:00:00+00:00 [queued]>
[2024-08-05T13:05:40.232+0000] {taskinstance.py:2306} INFO - Starting attempt 2 of 2
[2024-08-05T13:05:40.272+0000] {taskinstance.py:2330} INFO - Executing <Task(PythonOperator): predict> on 2022-08-04 15:00:00+00:00
[2024-08-05T13:05:40.303+0000] {warnings.py:112} WARNING - /home/***/.local/lib/python3.12/site-packages/***/task/task_runner/standard_task_runner.py:62: DeprecationWarning: This process (pid=1658) is multi-threaded, use of fork() may lead to deadlocks in the child.
  pid = os.fork()

[2024-08-05T13:05:40.307+0000] {standard_task_runner.py:64} INFO - Started process 1687 to run task
[2024-08-05T13:05:40.307+0000] {standard_task_runner.py:90} INFO - Running: ['***', 'tasks', 'run', 'car_price_prediction', 'predict', 'scheduled__2022-08-04T15:00:00+00:00', '--job-id', '186', '--raw', '--subdir', 'DAGS_FOLDER/hw_dag.py', '--cfg-path', '/tmp/tmpy8uegdpq']
[2024-08-05T13:05:40.313+0000] {standard_task_runner.py:91} INFO - Job 186: Subtask predict
[2024-08-05T13:05:40.474+0000] {task_command.py:426} INFO - Running <TaskInstance: car_price_prediction.predict scheduled__2022-08-04T15:00:00+00:00 [running]> on host db70dacab446
[2024-08-05T13:05:40.720+0000] {taskinstance.py:2648} INFO - Exporting env vars: AIRFLOW_CTX_DAG_OWNER='***' AIRFLOW_CTX_DAG_ID='car_price_prediction' AIRFLOW_CTX_TASK_ID='predict' AIRFLOW_CTX_EXECUTION_DATE='2022-08-04T15:00:00+00:00' AIRFLOW_CTX_TRY_NUMBER='2' AIRFLOW_CTX_DAG_RUN_ID='scheduled__2022-08-04T15:00:00+00:00'
[2024-08-05T13:05:40.733+0000] {taskinstance.py:430} INFO - ::endgroup::
[2024-08-05T13:05:40.778+0000] {taskinstance.py:441} INFO - ::group::Post task execution logs
[2024-08-05T13:05:40.780+0000] {taskinstance.py:2905} ERROR - Task failed with exception
Traceback (most recent call last):
  File "/home/airflow/.local/lib/python3.12/site-packages/airflow/models/taskinstance.py", line 465, in _execute_task
    result = _execute_callable(context=context, **execute_callable_kwargs)
             ^^^^^^^^^^^^^^^^^^^^^^^^^^^^^^^^^^^^^^^^^^^^^^^^^^^^^^^^^^^^^
  File "/home/airflow/.local/lib/python3.12/site-packages/airflow/models/taskinstance.py", line 432, in _execute_callable
    return execute_callable(context=context, **execute_callable_kwargs)
           ^^^^^^^^^^^^^^^^^^^^^^^^^^^^^^^^^^^^^^^^^^^^^^^^^^^^^^^^^^^^
  File "/home/airflow/.local/lib/python3.12/site-packages/airflow/models/baseoperator.py", line 401, in wrapper
    return func(self, *args, **kwargs)
           ^^^^^^^^^^^^^^^^^^^^^^^^^^^
  File "/home/airflow/.local/lib/python3.12/site-packages/airflow/operators/python.py", line 235, in execute
    return_value = self.execute_callable()
                   ^^^^^^^^^^^^^^^^^^^^^^^
  File "/home/airflow/.local/lib/python3.12/site-packages/airflow/operators/python.py", line 252, in execute_callable
    return self.python_callable(*self.op_args, **self.op_kwargs)
           ^^^^^^^^^^^^^^^^^^^^^^^^^^^^^^^^^^^^^^^^^^^^^^^^^^^^^
  File "/opt/airflow/modules/predict.py", line 54, in predict
    with open(path+files) as f:
              ~~~~^~~~~~
TypeError: can only concatenate str (not "list") to str
[2024-08-05T13:05:40.809+0000] {taskinstance.py:1206} INFO - Marking task as FAILED. dag_id=car_price_prediction, task_id=predict, run_id=scheduled__2022-08-04T15:00:00+00:00, execution_date=20220804T150000, start_date=20240805T130540, end_date=20240805T130540
[2024-08-05T13:05:40.845+0000] {standard_task_runner.py:110} ERROR - Failed to execute job 186 for task predict (can only concatenate str (not "list") to str; 1687)
[2024-08-05T13:05:40.933+0000] {local_task_job_runner.py:243} INFO - Task exited with return code 1
[2024-08-05T13:05:40.968+0000] {local_task_job_runner.py:222} INFO - ::endgroup::
