[2024-08-05T13:20:07.954+0000] {local_task_job_runner.py:120} INFO - ::group::Pre task execution logs
[2024-08-05T13:20:07.999+0000] {taskinstance.py:2076} INFO - Dependencies all met for dep_context=non-requeueable deps ti=<TaskInstance: car_price_prediction.pipeline scheduled__2022-08-23T15:00:00+00:00 [queued]>
[2024-08-05T13:20:08.015+0000] {taskinstance.py:2076} INFO - Dependencies all met for dep_context=requeueable deps ti=<TaskInstance: car_price_prediction.pipeline scheduled__2022-08-23T15:00:00+00:00 [queued]>
[2024-08-05T13:20:08.016+0000] {taskinstance.py:2306} INFO - Starting attempt 1 of 2
[2024-08-05T13:20:08.041+0000] {taskinstance.py:2330} INFO - Executing <Task(PythonOperator): pipeline> on 2022-08-23 15:00:00+00:00
[2024-08-05T13:20:08.054+0000] {warnings.py:112} WARNING - /home/***/.local/lib/python3.12/site-packages/***/task/task_runner/standard_task_runner.py:62: DeprecationWarning: This process (pid=509) is multi-threaded, use of fork() may lead to deadlocks in the child.
  pid = os.fork()

[2024-08-05T13:20:08.056+0000] {standard_task_runner.py:64} INFO - Started process 531 to run task
[2024-08-05T13:20:08.057+0000] {standard_task_runner.py:90} INFO - Running: ['***', 'tasks', 'run', 'car_price_prediction', 'pipeline', 'scheduled__2022-08-23T15:00:00+00:00', '--job-id', '228', '--raw', '--subdir', 'DAGS_FOLDER/hw_dag.py', '--cfg-path', '/tmp/tmph64wo1wj']
[2024-08-05T13:20:08.059+0000] {standard_task_runner.py:91} INFO - Job 228: Subtask pipeline
[2024-08-05T13:20:08.148+0000] {task_command.py:426} INFO - Running <TaskInstance: car_price_prediction.pipeline scheduled__2022-08-23T15:00:00+00:00 [running]> on host db70dacab446
[2024-08-05T13:20:08.309+0000] {taskinstance.py:2648} INFO - Exporting env vars: AIRFLOW_CTX_DAG_OWNER='***' AIRFLOW_CTX_DAG_ID='car_price_prediction' AIRFLOW_CTX_TASK_ID='pipeline' AIRFLOW_CTX_EXECUTION_DATE='2022-08-23T15:00:00+00:00' AIRFLOW_CTX_TRY_NUMBER='1' AIRFLOW_CTX_DAG_RUN_ID='scheduled__2022-08-23T15:00:00+00:00'
[2024-08-05T13:20:08.312+0000] {taskinstance.py:430} INFO - ::endgroup::
[2024-08-05T13:20:12.533+0000] {pipeline.py:115} INFO - model: LogisticRegression, acc_mean: 0.7591, acc_std: 0.0075
[2024-08-05T13:21:26.103+0000] {pipeline.py:115} INFO - model: RandomForestClassifier, acc_mean: 0.7777, acc_std: 0.0042
[2024-08-05T13:21:57.019+0000] {pipeline.py:115} INFO - model: SVC, acc_mean: 0.7871, acc_std: 0.0042
[2024-08-05T13:21:57.021+0000] {pipeline.py:120} INFO - best model: SVC, accuracy: 0.7871
[2024-08-05T13:22:16.348+0000] {local_task_job_runner.py:243} INFO - Task exited with return code -9For more information, see https://***.apache.org/docs/apache-***/stable/troubleshooting.html#LocalTaskJob-killed
[2024-08-05T13:22:16.474+0000] {taskinstance.py:3503} INFO - 0 downstream tasks scheduled from follow-on schedule check
[2024-08-05T13:22:16.487+0000] {local_task_job_runner.py:222} INFO - ::endgroup::
