[2024-08-05T13:02:20.816+0000] {local_task_job_runner.py:120} INFO - ::group::Pre task execution logs
[2024-08-05T13:02:20.949+0000] {taskinstance.py:2076} INFO - Dependencies all met for dep_context=non-requeueable deps ti=<TaskInstance: car_price_prediction.pipeline scheduled__2022-08-07T15:00:00+00:00 [queued]>
[2024-08-05T13:02:21.005+0000] {taskinstance.py:2076} INFO - Dependencies all met for dep_context=requeueable deps ti=<TaskInstance: car_price_prediction.pipeline scheduled__2022-08-07T15:00:00+00:00 [queued]>
[2024-08-05T13:02:21.007+0000] {taskinstance.py:2306} INFO - Starting attempt 1 of 2
[2024-08-05T13:02:21.088+0000] {taskinstance.py:2330} INFO - Executing <Task(PythonOperator): pipeline> on 2022-08-07 15:00:00+00:00
[2024-08-05T13:02:21.155+0000] {standard_task_runner.py:90} INFO - Running: ['***', 'tasks', 'run', 'car_price_prediction', 'pipeline', 'scheduled__2022-08-07T15:00:00+00:00', '--job-id', '157', '--raw', '--subdir', 'DAGS_FOLDER/hw_dag.py', '--cfg-path', '/tmp/tmpg_pxah3q']
[2024-08-05T13:02:21.162+0000] {warnings.py:112} WARNING - /home/***/.local/lib/python3.12/site-packages/***/task/task_runner/standard_task_runner.py:62: DeprecationWarning: This process (pid=1227) is multi-threaded, use of fork() may lead to deadlocks in the child.
  pid = os.fork()

[2024-08-05T13:02:21.168+0000] {standard_task_runner.py:91} INFO - Job 157: Subtask pipeline
[2024-08-05T13:02:21.168+0000] {standard_task_runner.py:64} INFO - Started process 1256 to run task
[2024-08-05T13:02:21.499+0000] {task_command.py:426} INFO - Running <TaskInstance: car_price_prediction.pipeline scheduled__2022-08-07T15:00:00+00:00 [running]> on host db70dacab446
[2024-08-05T13:02:21.923+0000] {taskinstance.py:2648} INFO - Exporting env vars: AIRFLOW_CTX_DAG_OWNER='***' AIRFLOW_CTX_DAG_ID='car_price_prediction' AIRFLOW_CTX_TASK_ID='pipeline' AIRFLOW_CTX_EXECUTION_DATE='2022-08-07T15:00:00+00:00' AIRFLOW_CTX_TRY_NUMBER='1' AIRFLOW_CTX_DAG_RUN_ID='scheduled__2022-08-07T15:00:00+00:00'
[2024-08-05T13:02:21.925+0000] {taskinstance.py:430} INFO - ::endgroup::
[2024-08-05T13:02:27.676+0000] {pipeline.py:115} INFO - model: LogisticRegression, acc_mean: 0.7591, acc_std: 0.0075
[2024-08-05T13:04:09.539+0000] {pipeline.py:115} INFO - model: RandomForestClassifier, acc_mean: 0.7777, acc_std: 0.0062
[2024-08-05T13:04:54.883+0000] {pipeline.py:115} INFO - model: SVC, acc_mean: 0.7871, acc_std: 0.0042
[2024-08-05T13:04:54.884+0000] {pipeline.py:120} INFO - best model: SVC, accuracy: 0.7871
[2024-08-05T13:05:10.603+0000] {local_task_job_runner.py:243} INFO - Task exited with return code -9For more information, see https://***.apache.org/docs/apache-***/stable/troubleshooting.html#LocalTaskJob-killed
[2024-08-05T13:05:10.740+0000] {taskinstance.py:3503} INFO - 0 downstream tasks scheduled from follow-on schedule check
[2024-08-05T13:05:10.757+0000] {local_task_job_runner.py:222} INFO - ::endgroup::
