[2024-08-05T12:59:46.870+0000] {local_task_job_runner.py:120} INFO - ::group::Pre task execution logs
[2024-08-05T12:59:46.904+0000] {taskinstance.py:2076} INFO - Dependencies all met for dep_context=non-requeueable deps ti=<TaskInstance: car_price_prediction.predict scheduled__2022-07-06T15:00:00+00:00 [queued]>
[2024-08-05T12:59:46.917+0000] {taskinstance.py:2076} INFO - Dependencies all met for dep_context=requeueable deps ti=<TaskInstance: car_price_prediction.predict scheduled__2022-07-06T15:00:00+00:00 [queued]>
[2024-08-05T12:59:46.928+0000] {taskinstance.py:2306} INFO - Starting attempt 2 of 2
[2024-08-05T12:59:46.945+0000] {taskinstance.py:2330} INFO - Executing <Task(PythonOperator): predict> on 2022-07-06 15:00:00+00:00
[2024-08-05T12:59:46.955+0000] {warnings.py:112} WARNING - /home/***/.local/lib/python3.12/site-packages/***/task/task_runner/standard_task_runner.py:62: DeprecationWarning: This process (pid=752) is multi-threaded, use of fork() may lead to deadlocks in the child.
  pid = os.fork()

[2024-08-05T12:59:46.957+0000] {standard_task_runner.py:64} INFO - Started process 765 to run task
[2024-08-05T12:59:46.957+0000] {standard_task_runner.py:90} INFO - Running: ['***', 'tasks', 'run', 'car_price_prediction', 'predict', 'scheduled__2022-07-06T15:00:00+00:00', '--job-id', '125', '--raw', '--subdir', 'DAGS_FOLDER/hw_dag.py', '--cfg-path', '/tmp/tmp2azvtk9a']
[2024-08-05T12:59:46.959+0000] {standard_task_runner.py:91} INFO - Job 125: Subtask predict
[2024-08-05T12:59:47.026+0000] {task_command.py:426} INFO - Running <TaskInstance: car_price_prediction.predict scheduled__2022-07-06T15:00:00+00:00 [running]> on host db70dacab446
[2024-08-05T12:59:47.149+0000] {taskinstance.py:2648} INFO - Exporting env vars: AIRFLOW_CTX_DAG_OWNER='***' AIRFLOW_CTX_DAG_ID='car_price_prediction' AIRFLOW_CTX_TASK_ID='predict' AIRFLOW_CTX_EXECUTION_DATE='2022-07-06T15:00:00+00:00' AIRFLOW_CTX_TRY_NUMBER='2' AIRFLOW_CTX_DAG_RUN_ID='scheduled__2022-07-06T15:00:00+00:00'
[2024-08-05T12:59:47.150+0000] {taskinstance.py:430} INFO - ::endgroup::
[2024-08-05T12:59:47.176+0000] {taskinstance.py:441} INFO - ::group::Post task execution logs
[2024-08-05T12:59:47.177+0000] {taskinstance.py:2905} ERROR - Task failed with exception
Traceback (most recent call last):
  File "/home/airflow/.local/lib/python3.12/site-packages/airflow/models/taskinstance.py", line 465, in _execute_task
    result = _execute_callable(context=context, **execute_callable_kwargs)
             ^^^^^^^^^^^^^^^^^^^^^^^^^^^^^^^^^^^^^^^^^^^^^^^^^^^^^^^^^^^^^
  File "/home/airflow/.local/lib/python3.12/site-packages/airflow/models/taskinstance.py", line 432, in _execute_callable
    return execute_callable(context=context, **execute_callable_kwargs)
           ^^^^^^^^^^^^^^^^^^^^^^^^^^^^^^^^^^^^^^^^^^^^^^^^^^^^^^^^^^^^
  File "/home/airflow/.local/lib/python3.12/site-packages/airflow/models/baseoperator.py", line 401, in wrapper
    return func(self, *args, **kwargs)
           ^^^^^^^^^^^^^^^^^^^^^^^^^^^
  File "/home/airflow/.local/lib/python3.12/site-packages/airflow/operators/python.py", line 235, in execute
    return_value = self.execute_callable()
                   ^^^^^^^^^^^^^^^^^^^^^^^
  File "/home/airflow/.local/lib/python3.12/site-packages/airflow/operators/python.py", line 252, in execute_callable
    return self.python_callable(*self.op_args, **self.op_kwargs)
           ^^^^^^^^^^^^^^^^^^^^^^^^^^^^^^^^^^^^^^^^^^^^^^^^^^^^^
  File "/opt/airflow/modules/predict.py", line 54, in predict
    with open(path+files) as f:
              ~~~~^~~~~~
TypeError: can only concatenate str (not "list") to str
[2024-08-05T12:59:47.193+0000] {taskinstance.py:1206} INFO - Marking task as FAILED. dag_id=car_price_prediction, task_id=predict, run_id=scheduled__2022-07-06T15:00:00+00:00, execution_date=20220706T150000, start_date=20240805T125946, end_date=20240805T125947
[2024-08-05T12:59:47.209+0000] {standard_task_runner.py:110} ERROR - Failed to execute job 125 for task predict (can only concatenate str (not "list") to str; 765)
[2024-08-05T12:59:47.252+0000] {local_task_job_runner.py:243} INFO - Task exited with return code 1
[2024-08-05T12:59:47.266+0000] {local_task_job_runner.py:222} INFO - ::endgroup::
